# JRE version: Java(TM) SE Runtime Environment (8.0_241-b07) (build 1.8.0_241-b07)
# Java VM: Java HotSpot(TM) 64-Bit Server VM (25.241-b07 mixed mode windows-amd64 compressed oops)
Heap:
 PSYoungGen      total 18944K, used 6021K [0x00000000eb180000, 0x00000000ec680000, 0x0000000100000000)
  eden space 16384K, 36% used [0x00000000eb180000,0x00000000eb761450,0x00000000ec180000)
  from space 2560K, 0% used [0x00000000ec180000,0x00000000ec180000,0x00000000ec400000)
  to   space 2560K, 0% used [0x00000000ec400000,0x00000000ec400000,0x00000000ec680000)
 ParOldGen       total 39936K, used 8790K [0x00000000c1400000, 0x00000000c3b00000, 0x00000000eb180000)
  object space 39936K, 22% used [0x00000000c1400000,0x00000000c1c95820,0x00000000c3b00000)
 Metaspace       used 21879K, capacity 22226K, committed 22448K, reserved 1069056K
  class space    used 2651K, capacity 2765K, committed 2816K, reserved 1048576K
GC Heap History (8 events):
Event: 0.790 GC heap before
{Heap before GC invocations=1 (full 0):
 PSYoungGen      total 18944K, used 16384K [0x00000000eb180000, 0x00000000ec680000, 0x0000000100000000)
  eden space 16384K, 100% used [0x00000000eb180000,0x00000000ec180000,0x00000000ec180000)
  from space 2560K, 0% used [0x00000000ec400000,0x00000000ec400000,0x00000000ec680000)
  to   space 2560K, 0% used [0x00000000ec180000,0x00000000ec180000,0x00000000ec400000)
 ParOldGen       total 44032K, used 0K [0x00000000c1400000, 0x00000000c3f00000, 0x00000000eb180000)
  object space 44032K, 0% used [0x00000000c1400000,0x00000000c1400000,0x00000000c3f00000)
 Metaspace       used 16526K, capacity 16856K, committed 17024K, reserved 1064960K
  class space    used 2051K, capacity 2161K, committed 2176K, reserved 1048576K
Event: 0.798 GC heap after
Heap after GC invocations=1 (full 0):
 PSYoungGen      total 18944K, used 2531K [0x00000000eb180000, 0x00000000ec680000, 0x0000000100000000)
  eden space 16384K, 0% used [0x00000000eb180000,0x00000000eb180000,0x00000000ec180000)
  from space 2560K, 98% used [0x00000000ec180000,0x00000000ec3f8fa8,0x00000000ec400000)
  to   space 2560K, 0% used [0x00000000ec400000,0x00000000ec400000,0x00000000ec680000)
 ParOldGen       total 44032K, used 3438K [0x00000000c1400000, 0x00000000c3f00000, 0x00000000eb180000)
  object space 44032K, 7% used [0x00000000c1400000,0x00000000c175bb38,0x00000000c3f00000)
 Metaspace       used 16526K, capacity 16856K, committed 17024K, reserved 1064960K
  class space    used 2051K, capacity 2161K, committed 2176K, reserved 1048576K
}
Event: 1.230 GC heap before
{Heap before GC invocations=2 (full 0):
 PSYoungGen      total 18944K, used 18915K [0x00000000eb180000, 0x00000000ec680000, 0x0000000100000000)
  eden space 16384K, 100% used [0x00000000eb180000,0x00000000ec180000,0x00000000ec180000)
  from space 2560K, 98% used [0x00000000ec180000,0x00000000ec3f8fa8,0x00000000ec400000)
  to   space 2560K, 0% used [0x00000000ec400000,0x00000000ec400000,0x00000000ec680000)
 ParOldGen       total 44032K, used 3438K [0x00000000c1400000, 0x00000000c3f00000, 0x00000000eb180000)
  object space 44032K, 7% used [0x00000000c1400000,0x00000000c175bb38,0x00000000c3f00000)
 Metaspace       used 18330K, capacity 18670K, committed 18816K, reserved 1064960K
  class space    used 2235K, capacity 2373K, committed 2432K, reserved 1048576K
Event: 1.234 GC heap after
Heap after GC invocations=2 (full 0):
 PSYoungGen      total 18944K, used 2531K [0x00000000eb180000, 0x00000000ec680000, 0x0000000100000000)
  eden space 16384K, 0% used [0x00000000eb180000,0x00000000eb180000,0x00000000ec180000)
  from space 2560K, 98% used [0x00000000ec400000,0x00000000ec678fa8,0x00000000ec680000)
  to   space 2560K, 0% used [0x00000000ec180000,0x00000000ec180000,0x00000000ec400000)
 ParOldGen       total 44032K, used 6060K [0x00000000c1400000, 0x00000000c3f00000, 0x00000000eb180000)
  object space 44032K, 13% used [0x00000000c1400000,0x00000000c19eb2a0,0x00000000c3f00000)
 Metaspace       used 18330K, capacity 18670K, committed 18816K, reserved 1064960K
  class space    used 2235K, capacity 2373K, committed 2432K, reserved 1048576K
}
Event: 2.632 GC heap before
{Heap before GC invocations=3 (full 0):
 PSYoungGen      total 18944K, used 9390K [0x00000000eb180000, 0x00000000ec680000, 0x0000000100000000)
  eden space 16384K, 41% used [0x00000000eb180000,0x00000000eb8329d0,0x00000000ec180000)
  from space 2560K, 98% used [0x00000000ec400000,0x00000000ec678fa8,0x00000000ec680000)
  to   space 2560K, 0% used [0x00000000ec180000,0x00000000ec180000,0x00000000ec400000)
 ParOldGen       total 44032K, used 6060K [0x00000000c1400000, 0x00000000c3f00000, 0x00000000eb180000)
  object space 44032K, 13% used [0x00000000c1400000,0x00000000c19eb2a0,0x00000000c3f00000)
 Metaspace       used 20786K, capacity 21058K, committed 21296K, reserved 1069056K
  class space    used 2517K, capacity 2633K, committed 2688K, reserved 1048576K
Event: 2.638 GC heap after
Heap after GC invocations=3 (full 0):
 PSYoungGen      total 18944K, used 2553K [0x00000000eb180000, 0x00000000ec680000, 0x0000000100000000)
  eden space 16384K, 0% used [0x00000000eb180000,0x00000000eb180000,0x00000000ec180000)
  from space 2560K, 99% used [0x00000000ec180000,0x00000000ec3fe650,0x00000000ec400000)
  to   space 2560K, 0% used [0x00000000ec400000,0x00000000ec400000,0x00000000ec680000)
 ParOldGen       total 44032K, used 7896K [0x00000000c1400000, 0x00000000c3f00000, 0x00000000eb180000)
  object space 44032K, 17% used [0x00000000c1400000,0x00000000c1bb6028,0x00000000c3f00000)
 Metaspace       used 20786K, capacity 21058K, committed 21296K, reserved 1069056K
  class space    used 2517K, capacity 2633K, committed 2688K, reserved 1048576K
}
Event: 2.638 GC heap before
{Heap before GC invocations=4 (full 1):
 PSYoungGen      total 18944K, used 2553K [0x00000000eb180000, 0x00000000ec680000, 0x0000000100000000)
  eden space 16384K, 0% used [0x00000000eb180000,0x00000000eb180000,0x00000000ec180000)
  from space 2560K, 99% used [0x00000000ec180000,0x00000000ec3fe650,0x00000000ec400000)
  to   space 2560K, 0% used [0x00000000ec400000,0x00000000ec400000,0x00000000ec680000)
 ParOldGen       total 44032K, used 7896K [0x00000000c1400000, 0x00000000c3f00000, 0x00000000eb180000)
  object space 44032K, 17% used [0x00000000c1400000,0x00000000c1bb6028,0x00000000c3f00000)
 Metaspace       used 20786K, capacity 21058K, committed 21296K, reserved 1069056K
  class space    used 2517K, capacity 2633K, committed 2688K, reserved 1048576K
Event: 2.671 GC heap after
Heap after GC invocations=4 (full 1):
 PSYoungGen      total 18944K, used 0K [0x00000000eb180000, 0x00000000ec680000, 0x0000000100000000)
  eden space 16384K, 0% used [0x00000000eb180000,0x00000000eb180000,0x00000000ec180000)
  from space 2560K, 0% used [0x00000000ec180000,0x00000000ec180000,0x00000000ec400000)
  to   space 2560K, 0% used [0x00000000ec400000,0x00000000ec400000,0x00000000ec680000)
 ParOldGen       total 39936K, used 8790K [0x00000000c1400000, 0x00000000c3b00000, 0x00000000eb180000)
  object space 39936K, 22% used [0x00000000c1400000,0x00000000c1c95820,0x00000000c3b00000)
 Metaspace       used 20786K, capacity 21058K, committed 21296K, reserved 1069056K
  class space    used 2517K, capacity 2633K, committed 2688K, reserved 1048576K
}

